<?xml version="1.0" encoding="UTF-8"?>
<!-- Generated by org.testng.reporters.JUnitXMLReporter -->
<testsuite ignored="12" hostname="magicbook15" failures="0" tests="7" name="TestRunner-2" time="58.585" errors="0" timestamp="2023-09-20T10:28:13 IST">
  <testcase classname="com.p.test.PlaceOrderByCreatingCustomer" name="placeOrderByCreatingCustomer" time="5.671"/>
  <testcase classname="com.product.test.CreateProductTest" name="createProductTest" time="5.116"/>
  <testcase classname="com.p.test.OrderMultipleProducts" name="orderMultipleProducts" time="3.852"/>
  <testcase classname="com.inventory.test.EditInventory" name="editInventory" time="1.743"/>
  <testcase classname="com.transaction.test.ProductToTransaction" name="productToTransaction" time="3.7"/>
  <testcase classname="com.employee.test.CreateEmployeeTest" name="createEmployee" time="2.645"/>
  <testcase classname="com.supplier.test.CreateSupplier" name="createSupplier" time="1.833"/>
  <testcase classname="com.salesandinventory.generic.BaseClass" name="@BeforeSuite configBS" time="0.0">
    <ignored/>
  </testcase> <!-- @BeforeSuite configBS -->
  <testcase classname="com.salesandinventory.generic.BaseClass" name="@BeforeSuite configBS" time="0.0">
    <ignored/>
  </testcase> <!-- @BeforeSuite configBS -->
  <testcase classname="com.salesandinventory.generic.BaseClass" name="@AfterSuite configAS" time="0.0">
    <ignored/>
  </testcase> <!-- @AfterSuite configAS -->
  <testcase classname="com.salesandinventory.generic.BaseClass" name="@AfterSuite configAS" time="0.0">
    <ignored/>
  </testcase> <!-- @AfterSuite configAS -->
  <testcase classname="com.salesandinventory.generic.BaseClass" name="@AfterSuite configAS" time="0.0">
    <ignored/>
  </testcase> <!-- @AfterSuite configAS -->
  <testcase classname="com.salesandinventory.generic.BaseClass" name="@BeforeSuite configBS" time="0.0">
    <ignored/>
  </testcase> <!-- @BeforeSuite configBS -->
  <testcase classname="com.salesandinventory.generic.BaseClass" name="@BeforeSuite configBS" time="0.0">
    <ignored/>
  </testcase> <!-- @BeforeSuite configBS -->
  <testcase classname="com.salesandinventory.generic.BaseClass" name="@BeforeSuite configBS" time="0.0">
    <ignored/>
  </testcase> <!-- @BeforeSuite configBS -->
  <testcase classname="com.salesandinventory.generic.BaseClass" name="@AfterSuite configAS" time="0.0">
    <ignored/>
  </testcase> <!-- @AfterSuite configAS -->
  <testcase classname="com.salesandinventory.generic.BaseClass" name="@BeforeSuite configBS" time="0.0">
    <ignored/>
  </testcase> <!-- @BeforeSuite configBS -->
  <testcase classname="com.salesandinventory.generic.BaseClass" name="@AfterSuite configAS" time="0.0">
    <ignored/>
  </testcase> <!-- @AfterSuite configAS -->
  <testcase classname="com.salesandinventory.generic.BaseClass" name="@AfterSuite configAS" time="0.0">
    <ignored/>
  </testcase> <!-- @AfterSuite configAS -->
</testsuite> <!-- TestRunner-2 -->
