<?xml version="1.0" encoding="UTF-8"?>
<!-- Generated by org.testng.reporters.JUnitXMLReporter -->
<testsuite ignored="9" hostname="magicbook15" failures="0" tests="1" name="Test" time="7.567" errors="0" timestamp="2023-09-21T18:10:52 IST">
  <testcase classname="com.product.test.CreateProductTest" name="createProductTest" time="3.878"/>
  <testcase classname="com.salesandinventory.generic.BaseClass" name="@AfterSuite configAS" time="0.0">
    <ignored/>
  </testcase> <!-- @AfterSuite configAS -->
  <testcase classname="com.p.test.PlaceOrderByCreatingCustomer" name="placeOrderByCreatingCustomer" time="0.0">
    <ignored/>
  </testcase> <!-- placeOrderByCreatingCustomer -->
  <testcase classname="com.salesandinventory.generic.BaseClass" name="@BeforeSuite configBS" time="0.0">
    <ignored/>
  </testcase> <!-- @BeforeSuite configBS -->
  <testcase classname="com.inventory.test.EditInventory" name="editInventory" time="0.0">
    <ignored/>
  </testcase> <!-- editInventory -->
  <testcase classname="com.salesandinventory.generic.BaseClass" name="@AfterSuite configAS" time="0.0">
    <ignored/>
  </testcase> <!-- @AfterSuite configAS -->
  <testcase classname="com.salesandinventory.generic.BaseClass" name="@AfterSuite configAS" time="0.0">
    <ignored/>
  </testcase> <!-- @AfterSuite configAS -->
  <testcase classname="com.salesandinventory.generic.BaseClass" name="@BeforeSuite configBS" time="0.0">
    <ignored/>
  </testcase> <!-- @BeforeSuite configBS -->
  <testcase classname="com.salesandinventory.generic.BaseClass" name="@BeforeSuite configBS" time="0.0">
    <ignored/>
  </testcase> <!-- @BeforeSuite configBS -->
  <testcase classname="com.p.test.OrderMultipleProducts" name="orderMultipleProducts" time="0.0">
    <ignored/>
  </testcase> <!-- orderMultipleProducts -->
</testsuite> <!-- Test -->
