<?xml version="1.0" encoding="UTF-8"?>
<testng-results ignored="0" total="1" passed="1" failed="0" skipped="0">
  <reporter-output>
  </reporter-output>
  <suite started-at="2023-09-27T22:43:40 IST" name="Default suite" finished-at="2023-09-27T22:43:59 IST" duration-ms="18948">
    <groups>
    </groups>
    <test started-at="2023-09-27T22:43:40 IST" name="Default test" finished-at="2023-09-27T22:43:59 IST" duration-ms="18948">
      <class name="com.assignment.AmazonPrize">
        <test-method signature="price()[pri:0, instance:com.assignment.AmazonPrize@689604d9]" started-at="2023-09-27T22:43:40 IST" name="price" finished-at="2023-09-27T22:43:59 IST" duration-ms="18897" status="PASS">
          <reporter-output>
          </reporter-output>
        </test-method> <!-- price -->
      </class> <!-- com.assignment.AmazonPrize -->
    </test> <!-- Default test -->
  </suite> <!-- Default suite -->
</testng-results>
